Arguments: 
  E:\node\node.exe C:\Users\faner\AppData\Roaming\npm\node_modules\yarn\bin\yarn.js install

PATH: 
  C:\ProgramData\Oracle\Java\javapath;C:\Windows\system32;C:\Windows;C:\Windows\System32\Wbem;C:\Windows\System32\WindowsPowerShell\v1.0\;E:\node\;E:\java\bin;E:\apache-maven-3.2.5\\bin;E:\SVN\bin;E:\android\sdk\tools;E:\android\sdk\platform-tools;E:\Git\cmd;E:\Git\tortoiseGit\tortoise\bin;C:\Users\faner\AppData\Roaming\npm

Yarn version: 
  0.21.3

Node version: 
  6.9.5

Platform: 
  win32 x64

npm manifest: 
  {
    "private": true,
    "scripts": {
      "start": "roadhog server",
      "build": "roadhog build",
      "lint": "eslint --ext .js src test",
      "precommit": "npm run lint"
    },
    "engines": {
      "install-node": "6.9.2"
    },
    "dependencies": {
      "antd": "^2.7.4",
      "babel-plugin-import": "^1.1.1",
      "babel-runtime": "^6.9.2",
      "color-name": "^1.1.1",
      "dva": "^1.2.1",
      "normalize.css": "^5.0.0",
      "react": "^15.4.0",
      "react-animations": "^0.1.0",
      "react-dom": "^15.4.0"
    },
    "devDependencies": {
      "babel-eslint": "^7.1.1",
      "babel-plugin-dva-hmr": "^0.3.2",
      "babel-plugin-transform-runtime": "^6.9.0",
      "eslint": "^3.12.2",
      "eslint-config-airbnb": "^13.0.0",
      "eslint-plugin-import": "^2.2.0",
      "eslint-plugin-jsx-a11y": "^2.2.3",
      "eslint-plugin-react": "^6.8.0",
      "expect": "^1.20.2",
      "husky": "^0.12.0",
      "redbox-react": "^1.3.2",
      "roadhog": "^0.5.2"
    }
  }

yarn manifest: 
  No manifest

Lockfile: 
  No lockfile

Trace: 
  Error: EEXIST: file already exists, mkdir 'F:\workSpace\beyond-app\data-analysis\src\main\webapp\node_modules\babel-eslint'
      at Error (native)
